Build started 2.2.2016 г. 19:52:35.
     1>Project "C:\Users\Chris\documents\visual studio 2015\Projects\Project1\Project1\Project1.vcxproj" on node 2 (Build target(s)).
     1>ClCompile:
         D:\Program Files (x86)\Microsoft Visual Studio 14.0\VC\bin\CL.exe /c /ZI /nologo /W3 /WX- /Od /Oy- /D WIN32 /D _DEBUG /D _CONSOLE /D _UNICODE /D UNICODE /Gm /EHsc /RTC1 /MDd /GS /fp:precise /Zc:wchar_t /Zc:forScope /Zc:inline /Fo"Debug\\" /Fd"Debug\vc140.pdb" /Gd /TP /analyze- /errorReport:prompt List.cpp main.cpp
         main.cpp
     1>c:\users\chris\documents\visual studio 2015\projects\project1\project1\memoryallocator.h(42): warning C4305: 'initializing': truncation from 'int' to 'char'
     1>c:\users\chris\documents\visual studio 2015\projects\project1\project1\memoryallocator.h(42): warning C4309: 'initializing': truncation of constant value
     1>c:\users\chris\documents\visual studio 2015\projects\project1\project1\memoryallocator.h(52): warning C4305: '=': truncation from 'int' to 'char'
     1>c:\users\chris\documents\visual studio 2015\projects\project1\project1\memoryallocator.h(52): warning C4309: '=': truncation of constant value
     1>c:\users\chris\documents\visual studio 2015\projects\project1\project1\memoryallocator.h(63): error C2664: 'void List<List<size_t>>::pushBack(T)': cannot convert argument 1 from 'int' to 'List<size_t>'
                 with
                 [
                     T=List<size_t>
                 ]
         c:\users\chris\documents\visual studio 2015\projects\project1\project1\memoryallocator.h(63): note: No constructor could take the source type, or constructor overload resolution was ambiguous
         List.cpp
         Generating Code...
     1>Done Building Project "C:\Users\Chris\documents\visual studio 2015\Projects\Project1\Project1\Project1.vcxproj" (Build target(s)) -- FAILED.

Build FAILED.

Time Elapsed 00:00:03.54
